C51 COMPILER V9.59.0.0   MAIN                                                              10/31/2018 16:56:06 PAGE 1   


C51 COMPILER V9.59.0.0, COMPILATION OF MODULE MAIN
OBJECT MODULE PLACED IN .\Objects\main.obj
COMPILER INVOKED BY: F:\Cai phan mem\Keil C 8051\C51\BIN\C51.EXE main.c OPTIMIZE(8,SPEED) BROWSE DEBUG OBJECTEXTEND PRIN
                    -T(.\Listings\main.lst) TABS(2) OBJECT(.\Objects\main.obj)

line level    source

   1          #include<regx52.h>
   2          
   3          sbit LED_PIN = P1^2;
   4          int i=0;
   5          
   6          
   7          
   8          void Delay_ms(unsigned int t)     
   9          {
  10   1          unsigned int x,y;             
  11   1          for (x=0; x<t; x++) 
  12   1          {   
  13   2               for (y=0; y<123; y++);   
  14   2          }
  15   1      }
  16          
  17          void main()
  18          { 
  19   1        
  20   1           while(1) 
  21   1           {
  22   2              LED_PIN = ~LED_PIN;
  23   2              Delay_ms(500);
  24   2           }
  25   1      }


MODULE INFORMATION:   STATIC OVERLAYABLE
   CODE SIZE        =     43    ----
   CONSTANT SIZE    =   ----    ----
   XDATA SIZE       =   ----    ----
   PDATA SIZE       =   ----    ----
   DATA SIZE        =      2    ----
   IDATA SIZE       =   ----    ----
   BIT SIZE         =   ----    ----
END OF MODULE INFORMATION.


C51 COMPILATION COMPLETE.  0 WARNING(S),  0 ERROR(S)
